C:\Program Files (x86)\Microsoft Visual Studio\2017\Community\Common7\IDE\VC\VCTargets\Microsoft.CppBuild.targets(391,5): warning MSB8028: The intermediate directory (x64\Release\) contains files shared from another project (CustomInventorySize.vcxproj, ExampleMod.vcxproj).  This can lead to incorrect clean and rebuild behavior.
  ExampleMod.cpp
d:\projects\satisfactory\custominventorysize\satisfactorymodloader\satisfactorymodloader\util\fkey.h(77): warning C4667: 'void SML::Objects::subscribe(std::function<const SML::Objects::FString *(SML::Mod::Functions::ModReturns *,C *)>)': no function template defined that matches forced instantiation
          with
          [
              C=SML::Objects::FText
          ]
d:\projects\satisfactory\custominventorysize\satisfactorymodloader\satisfactorymodloader\game\sdkhooks.h(6): warning C4667: 'void subscribe(std::function<void (SML::Mod::Functions::ModReturns *,C *)>)': no function template defined that matches forced instantiation
          with
          [
              C=SDK::AActor
          ]
d:\projects\satisfactory\custominventorysize\satisfactorymodloader\satisfactorymodloader\memory\memoryobject.h(44): warning C4251: 'SML::MemoryObject<O>::bytes': class 'std::vector<uint8_t,std::allocator<_Ty>>' needs to have dll-interface to be used by clients of class 'SML::MemoryObject<O>'
          with
          [
              _Ty=uint8_t
          ]
  d:\projects\satisfactory\custominventorysize\satisfactorymodloader\satisfactorymodloader\util\json.hpp(19229): note: see declaration of 'std::vector<uint8_t,std::allocator<_Ty>>'
          with
          [
              _Ty=uint8_t
          ]
  d:\projects\satisfactory\custominventorysize\satisfactorymodloader\satisfactorymodloader\memory\memoryobject.h(46): note: see reference to class template instantiation 'SML::MemoryObject<O>' being compiled
d:\projects\satisfactory\custominventorysize\satisfactorymodloader\basemod\examplemod.cpp(403): warning C4477: 'sprintf_s' : format string '%s' requires an argument of type 'char *', but variadic argument 1 has type 'std::string'
d:\projects\satisfactory\custominventorysize\satisfactorymodloader\basemod\examplemod.cpp(423): warning C4267: 'argument': conversion from 'size_t' to 'int', possible loss of data
d:\projects\satisfactory\custominventorysize\satisfactorymodloader\basemod\examplemod.cpp(327): warning C4101: 'func': unreferenced local variable
     Creating library D:\Projects\Satisfactory\CustomInventorySize\SatisfactoryModLoader\x64\Release\BaseMod.lib and object D:\Projects\Satisfactory\CustomInventorySize\SatisfactoryModLoader\x64\Release\BaseMod.exp
  LINK : /LTCG specified but no code generation required; remove /LTCG from the link command line to improve linker performance
  BaseMod.vcxproj -> D:\Projects\Satisfactory\CustomInventorySize\SatisfactoryModLoader\x64\Release\BaseMod.dll
