d:\projects\satisfactory\custominventorysize\satisfactorymodloader\x64\release\basemod.lib
d:\projects\satisfactory\custominventorysize\satisfactorymodloader\x64\release\basemod.exp
d:\projects\satisfactory\custominventorysize\satisfactorymodloader\basemod\x64\release\vc141.pdb
d:\projects\satisfactory\custominventorysize\satisfactorymodloader\basemod\x64\release\fg_factorygame_functions.obj
d:\projects\satisfactory\custominventorysize\satisfactorymodloader\basemod\x64\release\fg_engine_functions.obj
d:\projects\satisfactory\custominventorysize\satisfactorymodloader\basemod\x64\release\fg_coreuobject_functions.obj
d:\projects\satisfactory\custominventorysize\satisfactorymodloader\basemod\x64\release\fg_basic.obj
d:\projects\satisfactory\custominventorysize\satisfactorymodloader\basemod\x64\release\basemod.pch
d:\projects\satisfactory\custominventorysize\satisfactorymodloader\basemod\x64\release\stdafx.obj
d:\projects\satisfactory\custominventorysize\satisfactorymodloader\basemod\x64\release\examplemod.obj
d:\projects\satisfactory\custominventorysize\satisfactorymodloader\basemod\x64\release\custominventorysize.pch
d:\projects\satisfactory\custominventorysize\satisfactorymodloader\basemod\x64\release\examplemod.pch
d:\projects\satisfactory\custominventorysize\satisfactorymodloader\x64\release\basemod.pdb
d:\projects\satisfactory\custominventorysize\satisfactorymodloader\basemod\x64\release\basemod.tlog\basemod.write.1u.tlog
d:\projects\satisfactory\custominventorysize\satisfactorymodloader\basemod\x64\release\basemod.tlog\cl.command.1.tlog
d:\projects\satisfactory\custominventorysize\satisfactorymodloader\basemod\x64\release\basemod.tlog\cl.read.1.tlog
d:\projects\satisfactory\custominventorysize\satisfactorymodloader\basemod\x64\release\basemod.tlog\cl.write.1.tlog
d:\projects\satisfactory\custominventorysize\satisfactorymodloader\basemod\x64\release\basemod.tlog\link.command.1.tlog
d:\projects\satisfactory\custominventorysize\satisfactorymodloader\basemod\x64\release\basemod.tlog\link.read.1.tlog
d:\projects\satisfactory\custominventorysize\satisfactorymodloader\basemod\x64\release\basemod.tlog\link.write.1.tlog
