d:\projects\satisfactory\dev\satisfactorymodloader\basemod\x64\release\examplemod.pch
d:\projects\satisfactory\dev\satisfactorymodloader\basemod\x64\release\vc141.pdb
d:\projects\satisfactory\dev\satisfactorymodloader\basemod\x64\release\stdafx.obj
d:\projects\satisfactory\dev\satisfactorymodloader\basemod\x64\release\vc142.pdb
d:\projects\satisfactory\dev\satisfactorymodloader\basemod\x64\release\examplemod.obj
d:\projects\satisfactory\dev\satisfactorymodloader\basemod\x64\release\fg_factorygame_functions.obj
d:\projects\satisfactory\dev\satisfactorymodloader\basemod\x64\release\fg_engine_functions.obj
d:\projects\satisfactory\dev\satisfactorymodloader\basemod\x64\release\fg_coreuobject_functions.obj
d:\projects\satisfactory\dev\satisfactorymodloader\basemod\x64\release\fg_basic.obj
d:\projects\satisfactory\dev\satisfactorymodloader\x64\release\examplemod.lib
d:\projects\satisfactory\dev\satisfactorymodloader\x64\release\examplemod.exp
d:\projects\satisfactory\dev\satisfactorymodloader\x64\release\examplemod.dll
d:\projects\satisfactory\dev\satisfactorymodloader\x64\release\examplemod.pdb
d:\projects\satisfactory\dev\satisfactorymodloader\basemod\x64\release\examplemod.tlog\cl.command.1.tlog
d:\projects\satisfactory\dev\satisfactorymodloader\basemod\x64\release\examplemod.tlog\cl.read.1.tlog
d:\projects\satisfactory\dev\satisfactorymodloader\basemod\x64\release\examplemod.tlog\cl.write.1.tlog
d:\projects\satisfactory\dev\satisfactorymodloader\basemod\x64\release\examplemod.tlog\examplemod.write.1u.tlog
d:\projects\satisfactory\dev\satisfactorymodloader\basemod\x64\release\examplemod.tlog\link.command.1.tlog
d:\projects\satisfactory\dev\satisfactorymodloader\basemod\x64\release\examplemod.tlog\link.delete.1.tlog
d:\projects\satisfactory\dev\satisfactorymodloader\basemod\x64\release\examplemod.tlog\link.read.1.tlog
d:\projects\satisfactory\dev\satisfactorymodloader\basemod\x64\release\examplemod.tlog\link.write.1.tlog
